<?xml version="1.0" encoding="UTF-8"?>
<!-- Generated by org.testng.reporters.JUnitReportReporter -->
<testsuite skipped="0" hostname="lenovo" name="com.cjc.DWS.Tests.MainTest" tests="4" failures="0" timestamp="2021-05-15T15:49:11 IST" time="55.695" errors="0">
  <testcase name="registrationTest" time="6.197" classname="com.cjc.DWS.Tests.MainTest"/>
  <system-out/>
  <testcase name="addToCartTest" time="24.203" classname="com.cjc.DWS.Tests.MainTest"/>
  <system-out/>
  <testcase name="shoptest" time="9.073" classname="com.cjc.DWS.Tests.MainTest"/>
  <system-out/>
  <testcase name="checkouttest" time="16.222" classname="com.cjc.DWS.Tests.MainTest"/>
  <system-out/>
</testsuite> <!-- com.cjc.DWS.Tests.MainTest -->
